<?xml version="1.0" encoding="UTF-8"?>
<testsuite name="TestBasicPersistence" tests="3" skipped="0" failures="0" errors="0" timestamp="2020-09-15T18:26:40" hostname="DESKTOP-K9BLV0I" time="0.061">
  <properties/>
  <testcase name="gsonAuthorPersistenceTest" classname="TestBasicPersistence" time="0.053"/>
  <testcase name="propertyAuthorPersistenceTest" classname="TestBasicPersistence" time="0.005"/>
  <testcase name="authorPersistenceTest" classname="TestBasicPersistence" time="0.002"/>
  <system-out><![CDATA[]]></system-out>
  <system-err><![CDATA[]]></system-err>
</testsuite>
