<?xml version="1.0" encoding="UTF-8"?>
<testsuite name="DBPersistenceTest" tests="4" skipped="0" failures="0" errors="0" timestamp="2020-09-22T18:38:30" hostname="328071b43efb" time="0.054">
  <properties/>
  <testcase name="testInsertAuthor1" classname="DBPersistenceTest" time="0.019"/>
  <testcase name="testInsertAuthor2" classname="DBPersistenceTest" time="0.009"/>
  <testcase name="testInsertAuthor3" classname="DBPersistenceTest" time="0.011"/>
  <testcase name="testParameterizedInsertAuthor" classname="DBPersistenceTest" time="0.014"/>
  <system-out><![CDATA[]]></system-out>
  <system-err><![CDATA[]]></system-err>
</testsuite>
